Loading data at depth 0
COMPILATION
{
  strings: Map(0) {},
  numbers: Map(1) { 777 => 0 },
  variables: Map(0) {},
  typedValue: [ { type: 1, dataBlockIndex: 0 } ],
  dataBlocks: [ [ 1, 777 ] ],
  operations: [
    { type: "dup" },
    { type: "read" },
    { type: "add" },
    { type: "push", value: 0 },
    { type: "peek" },
    { type: "dup" },
    { type: "push", value: 1 },
    { type: "add" },
    { type: "read" },
    { type: "add" },
    { type: "push", value: 1 },
    { type: "peek" },
    { type: "dup" },
    { type: "push", value: 2 },
    { type: "add" },
    { type: "read" },
    { type: "add" },
    { type: "push", value: 0 },
    { type: "push", value: 0 },
    { type: "push", value: 1 },
    { type: "add" },
    { type: "peek" },
    { type: "add" },
    { type: "read" },
    { type: "push", value: 0 },
    { type: "push", value: 0 },
    { type: "add" },
    { type: "peek" },
    { type: "add" },
    { type: "push", value: 0 },
    { type: "swap" },
    { type: "write" },
    { type: "exit" }
  ]
}
DATA
┌───────┬───┬─────┬──────┬──────┬─────────┐
│ (idx) │ 0 │ 1   │ 2    │ 3    │ address │
├───────┼───┼─────┼──────┼──────┼─────────┤
│     0 │ 1 │ 777 │ null │ null │       0 │
└───────┴───┴─────┴──────┴──────┴─────────┘
LOOKUP
┌───────┬───┬──────┬──────┬──────┬─────────┐
│ (idx) │ 0 │ 1    │ 2    │ 3    │ address │
├───────┼───┼──────┼──────┼──────┼─────────┤
│     0 │ 0 │ null │ null │ null │       0 │
└───────┴───┴──────┴──────┴──────┴─────────┘
PROGRAM
┌───────┬───┬───┬───┬──────┬─────────┐
│ (idx) │ 0 │ 1 │ 2 │ 3    │ address │
├───────┼───┼───┼───┼──────┼─────────┤
│     0 │ 6 │ 1 │ 5 │ 0    │       0 │
│     1 │ 0 │ 9 │ 6 │ 0    │       4 │
│     2 │ 1 │ 5 │ 1 │ 5    │       8 │
│     3 │ 0 │ 1 │ 9 │ 6    │      12 │
│     4 │ 0 │ 2 │ 5 │ 1    │      16 │
│     5 │ 5 │ 0 │ 0 │ 0    │      20 │
│     6 │ 0 │ 0 │ 1 │ 5    │      24 │
│     7 │ 9 │ 5 │ 1 │ 0    │      28 │
│     8 │ 0 │ 0 │ 0 │ 5    │      32 │
│     9 │ 9 │ 5 │ 0 │ 0    │      36 │
│    10 │ 7 │ 2 │ 3 │ null │      40 │
└───────┴───┴───┴───┴──────┴─────────┘
RUNTIME
┌───────┬───┬─────┬─────┬─────┬─────────┐
│ (idx) │ 0 │ 1   │ 2   │ 3   │ address │
├───────┼───┼─────┼─────┼─────┼─────────┤
│     0 │ 4 │ -44 │ -46 │ -43 │       0 │
└───────┴───┴─────┴─────┴─────┴─────────┘
EXECUTABLE
┌───────┬─────┬─────┬─────┬───┬─────────┐
│ (idx) │ 0   │ 1   │ 2   │ 3 │ address │
├───────┼─────┼─────┼─────┼───┼─────────┤
│     0 │  47 │   1 │ 777 │ 0 │       0 │
│     1 │   6 │   1 │   5 │ 0 │       4 │
│     2 │   0 │   9 │   6 │ 0 │       8 │
│     3 │   1 │   5 │   1 │ 5 │      12 │
│     4 │   0 │   1 │   9 │ 6 │      16 │
│     5 │   0 │   2 │   5 │ 1 │      20 │
│     6 │   5 │   0 │   0 │ 0 │      24 │
│     7 │   0 │   0 │   1 │ 5 │      28 │
│     8 │   9 │   5 │   1 │ 0 │      32 │
│     9 │   0 │   0 │   0 │ 5 │      36 │
│    10 │   9 │   5 │   0 │ 0 │      40 │
│    11 │   7 │   2 │   3 │ 4 │      44 │
│    12 │ -44 │ -46 │ -43 │ 0 │      48 │
│    13 │   0 │   0 │   0 │ 0 │      52 │
│    14 │   0 │   0 │   0 │ 0 │      56 │
│    15 │   0 │   0 │   0 │ 0 │      60 │
│    16 │   0 │   0 │   0 │ 0 │      64 │
│    17 │   0 │   0 │   0 │ 0 │      68 │
│    18 │   0 │   0 │   0 │ 0 │      72 │
│    19 │   0 │   0 │   0 │ 0 │      76 │
│    20 │   0 │   0 │   0 │ 0 │      80 │
│    21 │   0 │   0 │   0 │ 0 │      84 │
│    22 │   0 │   0 │   0 │ 0 │      88 │
│    23 │   0 │   0 │   0 │ 0 │      92 │
│    24 │   0 │   0 │   0 │ 0 │      96 │
│    25 │   0 │   0 │   0 │ 0 │     100 │
│    26 │   0 │   0 │   0 │ 0 │     104 │
│    27 │   0 │   0 │   0 │ 0 │     108 │
│    28 │   0 │   0 │   0 │ 0 │     112 │
│    29 │   0 │   0 │   0 │ 0 │     116 │
│    30 │   0 │   0 │   0 │ 0 │     120 │
│    31 │   0 │   0 │   0 │ 0 │     124 │
└───────┴─────┴─────┴─────┴───┴─────────┘
SYSTEM MEMORY
┌───────┬─────┬─────┬─────┬───┬─────────┐
│ (idx) │ 0   │ 1   │ 2   │ 3 │ address │
├───────┼─────┼─────┼─────┼───┼─────────┤
│     0 │   0 │   0 │   4 │ 0 │       0 │
│     1 │  47 │   1 │ 777 │ 0 │       4 │
│     2 │   6 │   1 │   5 │ 0 │       8 │
│     3 │   0 │   9 │   6 │ 0 │      12 │
│     4 │   1 │   5 │   1 │ 5 │      16 │
│     5 │   0 │   1 │   9 │ 6 │      20 │
│     6 │   0 │   2 │   5 │ 1 │      24 │
│     7 │   5 │   0 │   0 │ 0 │      28 │
│     8 │   0 │   0 │   1 │ 5 │      32 │
│     9 │   9 │   5 │   1 │ 0 │      36 │
│    10 │   0 │   0 │   0 │ 5 │      40 │
│    11 │   9 │   5 │   0 │ 0 │      44 │
│    12 │   7 │   2 │   3 │ 4 │      48 │
│    13 │ -44 │ -46 │ -43 │ 0 │      52 │
│    14 │   0 │   0 │   0 │ 0 │      56 │
│    15 │   0 │   0 │   0 │ 0 │      60 │
│    16 │   0 │   0 │   0 │ 0 │      64 │
│    17 │   0 │   0 │   0 │ 0 │      68 │
│    18 │   0 │   0 │   0 │ 0 │      72 │
│    19 │   0 │   0 │   0 │ 0 │      76 │
│    20 │   0 │   0 │   0 │ 0 │      80 │
│    21 │   0 │   0 │   0 │ 0 │      84 │
│    22 │   0 │   0 │   0 │ 0 │      88 │
│    23 │   0 │   0 │   0 │ 0 │      92 │
│    24 │   0 │   0 │   0 │ 0 │      96 │
│    25 │   0 │   0 │   0 │ 0 │     100 │
│    26 │   0 │   0 │   0 │ 0 │     104 │
│    27 │   0 │   0 │   0 │ 0 │     108 │
│    28 │   0 │   0 │   0 │ 0 │     112 │
│    29 │   0 │   0 │   0 │ 0 │     116 │
│    30 │   0 │   0 │   0 │ 0 │     120 │
│    31 │   0 │   0 │   0 │ 0 │     124 │
└───────┴─────┴─────┴─────┴───┴─────────┘
8 	 dup    	 	 [ 4 ]
9 	 read    	 	 [ 4, 4 ]
10 	 add    	 	 [ 4, 47 ]
11 	 push(0)	 	 [ 51 ]
13 	 peek    	 	 [ 51, 0 ]
14 	 dup    	 	 [ 51, 51 ]
15 	 push(1)	 	 [ 51, 51, 51 ]
17 	 add    	 	 [ 51, 51, 51, 1 ]
18 	 read    	 	 [ 51, 51, 52 ]
19 	 add    	 	 [ 51, 51, -44 ]
20 	 push(1)	 	 [ 51, 7 ]
22 	 peek    	 	 [ 51, 7, 1 ]
23 	 dup    	 	 [ 51, 7, 51 ]
24 	 push(2)	 	 [ 51, 7, 51, 51 ]
26 	 add    	 	 [ 51, 7, 51, 51, 2 ]
27 	 read    	 	 [ 51, 7, 51, 53 ]
28 	 add    	 	 [ 51, 7, 51, -46 ]
29 	 push(0)	 	 [ 51, 7, 5 ]
31 	 push(0)	 	 [ 51, 7, 5, 0 ]
33 	 push(1)	 	 [ 51, 7, 5, 0, 0 ]
35 	 add    	 	 [ 51, 7, 5, 0, 0, 1 ]
36 	 peek    	 	 [ 51, 7, 5, 0, 1 ]
37 	 add    	 	 [ 51, 7, 5, 0, 5 ]
38 	 read    	 	 [ 51, 7, 5, 5 ]
39 	 push(0)	 	 [ 51, 7, 5, 1 ]
41 	 push(0)	 	 [ 51, 7, 5, 1, 0 ]
43 	 add    	 	 [ 51, 7, 5, 1, 0, 0 ]
44 	 peek    	 	 [ 51, 7, 5, 1, 0 ]
45 	 add    	 	 [ 51, 7, 5, 1, 1 ]
46 	 push(0)	 	 [ 51, 7, 5, 2 ]
48 	 swap    	 	 [ 51, 7, 5, 2, 0 ]
49 	 write    	 	 [ 51, 7, 5, 0, 2 ]
50 	 exit    	 	 [ 51, 7, 5 ]
SYSTEM MEMORY
┌───────┬─────┬─────┬─────┬───┬─────────┐
│ (idx) │ 0   │ 1   │ 2   │ 3 │ address │
├───────┼─────┼─────┼─────┼───┼─────────┤
│     0 │   0 │   0 │   4 │ 0 │       0 │
│     1 │  47 │   1 │ 777 │ 0 │       4 │
│     2 │   6 │   1 │   5 │ 0 │       8 │
│     3 │   0 │   9 │   6 │ 0 │      12 │
│     4 │   1 │   5 │   1 │ 5 │      16 │
│     5 │   0 │   1 │   9 │ 6 │      20 │
│     6 │   0 │   2 │   5 │ 1 │      24 │
│     7 │   5 │   0 │   0 │ 0 │      28 │
│     8 │   0 │   0 │   1 │ 5 │      32 │
│     9 │   9 │   5 │   1 │ 0 │      36 │
│    10 │   0 │   0 │   0 │ 5 │      40 │
│    11 │   9 │   5 │   0 │ 0 │      44 │
│    12 │   7 │   2 │   3 │ 4 │      48 │
│    13 │ -44 │ -46 │ -43 │ 0 │      52 │
│    14 │   0 │   0 │   0 │ 0 │      56 │
│    15 │   0 │   0 │   0 │ 0 │      60 │
│    16 │   0 │   0 │   0 │ 0 │      64 │
│    17 │   0 │   0 │   0 │ 0 │      68 │
│    18 │   0 │   0 │   0 │ 0 │      72 │
│    19 │   0 │   0 │   0 │ 0 │      76 │
│    20 │   0 │   0 │   0 │ 0 │      80 │
│    21 │   0 │   0 │   0 │ 0 │      84 │
│    22 │   0 │   0 │   0 │ 0 │      88 │
│    23 │   0 │   0 │   0 │ 0 │      92 │
│    24 │   0 │   0 │   0 │ 0 │      96 │
│    25 │   0 │   0 │   0 │ 0 │     100 │
│    26 │   0 │   0 │   0 │ 0 │     104 │
│    27 │   0 │   0 │   0 │ 0 │     108 │
│    28 │   0 │   0 │   0 │ 0 │     112 │
│    29 │   0 │   0 │   0 │ 0 │     116 │
│    30 │   0 │   0 │   0 │ 0 │     120 │
│    31 │   0 │   0 │   0 │ 0 │     124 │
└───────┴─────┴─────┴─────┴───┴─────────┘
